0 info it worked if it ends with ok
1 verbose cli [ 'C:\\Program Files\\nodejs\\node.exe',
1 verbose cli   'C:\\Program Files\\nodejs\\node_modules\\npm\\bin\\npm-cli.js',
1 verbose cli   'run',
1 verbose cli   'dev' ]
2 info using npm@3.10.9
3 info using node@v6.9.2
4 verbose run-script [ 'predev', 'dev', 'postdev' ]
5 info lifecycle swproxy-electron@0.0.1~predev: swproxy-electron@0.0.1
6 silly lifecycle swproxy-electron@0.0.1~predev: no script for predev, continuing
7 info lifecycle swproxy-electron@0.0.1~dev: swproxy-electron@0.0.1
8 verbose lifecycle swproxy-electron@0.0.1~dev: unsafe-perm in lifecycle true
9 verbose lifecycle swproxy-electron@0.0.1~dev: PATH: C:\Program Files\nodejs\node_modules\npm\bin\node-gyp-bin;D:\Projekte\sw-exporter\node_modules\.bin;C:\Python27\;C:\Python27\Scripts;C:\WINDOWS\system32;C:\WINDOWS;C:\WINDOWS\System32\Wbem;C:\WINDOWS\System32\WindowsPowerShell\v1.0\;C:\Program Files (x86)\NVIDIA Corporation\PhysX\Common;C:\WINDOWS\system32\config\systemprofile\.dnx\bin;C:\Program Files\Microsoft DNX\Dnvm\;C:\Program Files\Microsoft SQL Server\130\Tools\Binn\;C:\Program Files (x86)\Windows Kits\10\Windows Performance Toolkit\;C:\Program Files\Git\cmd;C:\Program Files\nodejs\;C:\Users\Xzandro\AppData\Local\Microsoft\WindowsApps;C:\Users\Xzandro\AppData\Roaming\npm;C:\Program Files (x86)\Microsoft VS Code\bin
10 verbose lifecycle swproxy-electron@0.0.1~dev: CWD: D:\Projekte\sw-exporter
11 silly lifecycle swproxy-electron@0.0.1~dev: Args: [ '/d /s /c', 'webpack --watch' ]
12 silly lifecycle swproxy-electron@0.0.1~dev: Returned: code: 3221225786  signal: null
13 info lifecycle swproxy-electron@0.0.1~dev: Failed to exec dev script
14 verbose stack Error: swproxy-electron@0.0.1 dev: `webpack --watch`
14 verbose stack Exit status 3221225786
14 verbose stack     at EventEmitter.<anonymous> (C:\Program Files\nodejs\node_modules\npm\lib\utils\lifecycle.js:255:16)
14 verbose stack     at emitTwo (events.js:106:13)
14 verbose stack     at EventEmitter.emit (events.js:191:7)
14 verbose stack     at ChildProcess.<anonymous> (C:\Program Files\nodejs\node_modules\npm\lib\utils\spawn.js:40:14)
14 verbose stack     at emitTwo (events.js:106:13)
14 verbose stack     at ChildProcess.emit (events.js:191:7)
14 verbose stack     at maybeClose (internal/child_process.js:877:16)
14 verbose stack     at Process.ChildProcess._handle.onexit (internal/child_process.js:226:5)
15 verbose pkgid swproxy-electron@0.0.1
16 verbose cwd D:\Projekte\sw-exporter
17 error Windows_NT 10.0.14393
18 error argv "C:\\Program Files\\nodejs\\node.exe" "C:\\Program Files\\nodejs\\node_modules\\npm\\bin\\npm-cli.js" "run" "dev"
19 error node v6.9.2
20 error npm  v3.10.9
21 error code ELIFECYCLE
22 error swproxy-electron@0.0.1 dev: `webpack --watch`
22 error Exit status 3221225786
23 error Failed at the swproxy-electron@0.0.1 dev script 'webpack --watch'.
23 error Make sure you have the latest version of node.js and npm installed.
23 error If you do, this is most likely a problem with the swproxy-electron package,
23 error not with npm itself.
23 error Tell the author that this fails on your system:
23 error     webpack --watch
23 error You can get information on how to open an issue for this project with:
23 error     npm bugs swproxy-electron
23 error Or if that isn't available, you can get their info via:
23 error     npm owner ls swproxy-electron
23 error There is likely additional logging output above.
24 verbose exit [ 1, true ]
